ERROR:root:Error occurred: 'NoneType' object has no attribute 'cursor'
Traceback (most recent call last):
  File "E:\xampp1\htdocs\decentralized_voting\app\views.py", line 124, in signup
    cursor = mysql.connection.cursor()
AttributeError: 'NoneType' object has no attribute 'cursor'
INFO:werkzeug:192.168.1.5 - - [15/Apr/2024 15:22:26] "[37mPOST /signup HTTP/1.1[0m" 200 -
INFO:werkzeug:192.168.1.5 - - [15/Apr/2024 15:22:26] "[37mGET /static/css/signup.css HTTP/1.1[0m" 200 -
INFO:werkzeug:192.168.1.5 - - [15/Apr/2024 15:22:26] "[37mGET /static/js/signup.js HTTP/1.1[0m" 200 -
INFO:werkzeug:192.168.1.5 - - [15/Apr/2024 15:22:26] "[33mGET /favicon.ico HTTP/1.1[0m" 404 -
INFO:werkzeug: * Restarting with windowsapi reloader
WARNING:werkzeug: * Debugger is active!
INFO:werkzeug: * Debugger PIN: 197-685-730
INFO:werkzeug: * Running on https://0.0.0.0:5000/ (Press CTRL+C to quit)
INFO:werkzeug:192.168.56.1 - - [16/Apr/2024 17:37:44] "[37mGET /signup HTTP/1.1[0m" 200 -
INFO:werkzeug: * Detected change in 'E:\\python\\Lib\\encodings\\__pycache__\\unicode_escape.cpython-39.pyc', reloading
INFO:werkzeug: * Restarting with windowsapi reloader
WARNING:werkzeug: * Debugger is active!
INFO:werkzeug: * Debugger PIN: 197-685-730
INFO:werkzeug: * Running on https://0.0.0.0:5000/ (Press CTRL+C to quit)
INFO:werkzeug:192.168.56.1 - - [16/Apr/2024 17:37:46] "[33mGET /favicon.ico HTTP/1.1[0m" 404 -
INFO:werkzeug:192.168.56.1 - - [16/Apr/2024 17:37:51] "[37mGET /signup HTTP/1.1[0m" 200 -
INFO:werkzeug:192.168.56.1 - - [16/Apr/2024 17:37:52] "[37mGET /static/css/signup.css HTTP/1.1[0m" 200 -
INFO:werkzeug:192.168.56.1 - - [16/Apr/2024 17:37:52] "[37mGET /static/js/signup.js HTTP/1.1[0m" 200 -
ERROR:root:Error occurred: 'NoneType' object has no attribute 'cursor'
Traceback (most recent call last):
  File "E:\xampp1\htdocs\decentralized_voting\app\views.py", line 124, in signup
    cursor = mysql.connection.cursor()
AttributeError: 'NoneType' object has no attribute 'cursor'
INFO:werkzeug: * Detected change in 'E:\\python\\Lib\\site-packages\\flask\\__pycache__\\debughelpers.cpython-39.pyc', reloading
INFO:werkzeug:192.168.56.1 - - [16/Apr/2024 17:38:57] "[37mPOST /signup HTTP/1.1[0m" 200 -
INFO:werkzeug: * Restarting with windowsapi reloader
WARNING:werkzeug: * Debugger is active!
INFO:werkzeug: * Debugger PIN: 197-685-730
INFO:werkzeug: * Running on https://0.0.0.0:5000/ (Press CTRL+C to quit)
INFO:werkzeug:192.168.56.1 - - [16/Apr/2024 17:38:58] "[37mGET /static/css/signup.css HTTP/1.1[0m" 200 -
INFO:werkzeug:127.0.0.1 - - [16/Apr/2024 17:40:27] "[37mGET /signup HTTP/1.1[0m" 200 -
INFO:werkzeug:127.0.0.1 - - [16/Apr/2024 17:40:27] "[37mGET /static/css/signup.css HTTP/1.1[0m" 200 -
INFO:werkzeug:127.0.0.1 - - [16/Apr/2024 17:40:28] "[37mGET /static/js/signup.js HTTP/1.1[0m" 200 -
INFO:werkzeug:127.0.0.1 - - [16/Apr/2024 17:40:28] "[33mGET /favicon.ico HTTP/1.1[0m" 404 -
ERROR:root:Error occurred: 'NoneType' object has no attribute 'cursor'
Traceback (most recent call last):
  File "E:\xampp1\htdocs\decentralized_voting\app\views.py", line 124, in signup
    cursor = mysql.connection.cursor()
AttributeError: 'NoneType' object has no attribute 'cursor'
INFO:werkzeug:127.0.0.1 - - [16/Apr/2024 17:41:20] "[37mPOST /signup HTTP/1.1[0m" 200 -
INFO:werkzeug:127.0.0.1 - - [16/Apr/2024 17:41:20] "[37mGET /static/css/signup.css HTTP/1.1[0m" 200 -
INFO:werkzeug: * Detected change in 'E:\\xampp1\\htdocs\\decentralized_voting\\app\\views.py', reloading
INFO:werkzeug: * Detected change in 'E:\\xampp1\\htdocs\\decentralized_voting\\app\\views.py', reloading
INFO:werkzeug: * Detected change in 'E:\\xampp1\\htdocs\\decentralized_voting\\app\\views.py', reloading
INFO:werkzeug: * Restarting with windowsapi reloader
INFO:werkzeug: * Restarting with windowsapi reloader
WARNING:werkzeug: * Debugger is active!
INFO:werkzeug: * Debugger PIN: 197-685-730
INFO:werkzeug: * Running on https://0.0.0.0:5000/ (Press CTRL+C to quit)
INFO:werkzeug: * Detected change in 'E:\\python\\Lib\\site-packages\\flask\\_compat.py', reloading
INFO:werkzeug: * Restarting with windowsapi reloader
WARNING:werkzeug: * Debugger is active!
INFO:werkzeug: * Debugger PIN: 197-685-730
INFO:werkzeug: * Running on https://0.0.0.0:5000/ (Press CTRL+C to quit)
INFO:werkzeug: * Detected change in 'E:\\xampp1\\htdocs\\decentralized_voting\\service.py', reloading
INFO:werkzeug: * Detected change in 'E:\\xampp1\\htdocs\\decentralized_voting\\project\\app.py', reloading
INFO:werkzeug: * Restarting with windowsapi reloader
WARNING:werkzeug: * Debugger is active!
INFO:werkzeug: * Debugger PIN: 197-685-730
INFO:werkzeug: * Running on https://0.0.0.0:5000/ (Press CTRL+C to quit)
INFO:werkzeug:127.0.0.1 - - [16/Apr/2024 17:42:41] "[37mGET /signup HTTP/1.1[0m" 200 -
INFO:werkzeug:127.0.0.1 - - [16/Apr/2024 17:42:42] "[37mGET /static/css/signup.css HTTP/1.1[0m" 200 -
INFO:werkzeug:127.0.0.1 - - [16/Apr/2024 17:42:42] "[37mGET /static/js/signup.js HTTP/1.1[0m" 200 -
INFO:werkzeug: * Detected change in 'E:\\python\\Lib\\concurrent\\__init__.py', reloading
INFO:werkzeug: * Detected change in 'E:\\python\\Lib\\distutils\\__init__.py', reloading
INFO:werkzeug: * Detected change in 'E:\\python\\Lib\\idlelib\\__init__.py', reloading
INFO:werkzeug: * Detected change in 'E:\\python\\Lib\\lib2to3\\__init__.py', reloading
INFO:werkzeug: * Detected change in 'E:\\python\\Lib\\test\\__init__.py', reloading
INFO:werkzeug: * Detected change in 'E:\\python\\Lib\\turtledemo\\__init__.py', reloading
INFO:werkzeug: * Detected change in 'E:\\python\\Lib\\wsgiref\\__init__.py', reloading
INFO:werkzeug: * Detected change in 'E:\\python\\Lib\\xmlrpc\\__init__.py', reloading
INFO:werkzeug: * Detected change in 'E:\\python\\Lib\\site-packages\\absl\\__init__.py', reloading
INFO:werkzeug: * Detected change in 'E:\\python\\Lib\\site-packages\\adodbapi\\__init__.py', reloading
INFO:werkzeug: * Detected change in 'E:\\python\\Lib\\site-packages\\astunparse\\__init__.py', reloading
INFO:werkzeug: * Detected change in 'E:\\python\\Lib\\site-packages\\backcall\\__init__.py', reloading
INFO:werkzeug: * Detected change in 'E:\\python\\Lib\\site-packages\\certifi\\__init__.py', reloading
INFO:werkzeug: * Detected change in 'E:\\python\\Lib\\site-packages\\click\\__init__.py', reloading
INFO:werkzeug: * Detected change in 'E:\\python\\Lib\\site-packages\\cmake\\__init__.py', reloading
INFO:werkzeug: * Detected change in 'E:\\python\\Lib\\site-packages\\distlib\\__init__.py', reloading
INFO:werkzeug: * Detected change in 'E:\\python\\Lib\\site-packages\\django\\__main__.py', reloading
INFO:werkzeug: * Detected change in 'E:\\python\\Lib\\site-packages\\flask\\blueprints.py', reloading
INFO:werkzeug: * Detected change in 'E:\\python\\Lib\\site-packages\\flask\\cli.py', reloading
INFO:werkzeug: * Restarting with windowsapi reloader
WARNING:werkzeug: * Debugger is active!
INFO:werkzeug: * Debugger PIN: 197-685-730
INFO:werkzeug: * Running on https://0.0.0.0:5000/ (Press CTRL+C to quit)
INFO:werkzeug: * Detected change in 'E:\\python\\Lib\\site-packages\\webencodings\\__init__.py', reloading
INFO:werkzeug: * Detected change in 'E:\\python\\Lib\\site-packages\\websocket\\__init__.py', reloading
INFO:werkzeug: * Detected change in 'E:\\python\\Lib\\site-packages\\werkzeug\\__init__.py', reloading
INFO:werkzeug: * Detected change in 'E:\\python\\Lib\\site-packages\\wheel\\__init__.py', reloading
INFO:werkzeug: * Detected change in 'E:\\python\\Lib\\site-packages\\widgetsnbextension\\__init__.py', reloading
INFO:werkzeug: * Detected change in 'E:\\python\\Lib\\site-packages\\winpty\\__init__.py', reloading
INFO:werkzeug: * Detected change in 'E:\\python\\Lib\\site-packages\\wrapt\\__init__.py', reloading
INFO:werkzeug: * Detected change in 'E:\\python\\Lib\\site-packages\\pythonwin\\pywin\\__init__.py', reloading
INFO:werkzeug: * Restarting with windowsapi reloader
WARNING:werkzeug: * Debugger is active!
INFO:werkzeug: * Debugger PIN: 197-685-730
INFO:werkzeug: * Running on https://0.0.0.0:5000/ (Press CTRL+C to quit)
ERROR:root:Error occurred: 'NoneType' object has no attribute 'cursor'
Traceback (most recent call last):
  File "E:\xampp1\htdocs\decentralized_voting\app\views.py", line 124, in signup
    cursor = mysql.connection.cursor()
AttributeError: 'NoneType' object has no attribute 'cursor'
INFO:werkzeug:127.0.0.1 - - [16/Apr/2024 17:43:36] "[37mPOST /signup HTTP/1.1[0m" 200 -
INFO:werkzeug:127.0.0.1 - - [16/Apr/2024 17:43:40] "[37mGET /signup HTTP/1.1[0m" 200 -
INFO:werkzeug:127.0.0.1 - - [16/Apr/2024 17:43:40] "[37mGET /static/css/signup.css HTTP/1.1[0m" 200 -
INFO:werkzeug:127.0.0.1 - - [16/Apr/2024 17:44:17] "[37mGET /static/css/signup.css HTTP/1.1[0m" 200 -
INFO:werkzeug:127.0.0.1 - - [16/Apr/2024 17:44:37] "[37mGET /signup HTTP/1.1[0m" 200 -
INFO:werkzeug:127.0.0.1 - - [16/Apr/2024 17:44:37] "[37mGET /static/css/signup.css HTTP/1.1[0m" 200 -
INFO:werkzeug:127.0.0.1 - - [16/Apr/2024 17:44:38] "[37mGET /static/js/signup.js HTTP/1.1[0m" 200 -
INFO:werkzeug: * Detected change in 'E:\\python\\Lib\\site-packages\\werkzeug\\exceptions.py', reloading
INFO:werkzeug: * Restarting with windowsapi reloader
WARNING:werkzeug: * Debugger is active!
INFO:werkzeug: * Debugger PIN: 197-685-730
INFO:werkzeug: * Detected change in 'E:\\python\\Lib\\site-packages\\werkzeug\\http.py', reloading
INFO:werkzeug: * Running on https://0.0.0.0:5000/ (Press CTRL+C to quit)
INFO:werkzeug: * Detected change in 'E:\\xampp1\\htdocs\\decentralized_voting\\app\\views.py', reloading
INFO:werkzeug: * Restarting with windowsapi reloader
WARNING:werkzeug: * Debugger is active!
INFO:werkzeug: * Debugger PIN: 197-685-730
INFO:werkzeug: * Running on https://0.0.0.0:5000/ (Press CTRL+C to quit)
INFO:werkzeug: * Detected change in 'E:\\xampp1\\htdocs\\decentralized_voting\\app\\views.py', reloading
INFO:werkzeug: * Detected change in 'E:\\xampp1\\htdocs\\decentralized_voting\\app\\views.py', reloading
INFO:werkzeug: * Detected change in 'E:\\xampp1\\htdocs\\decentralized_voting\\app\\views.py', reloading
INFO:werkzeug: * Restarting with windowsapi reloader
INFO:werkzeug: * Restarting with windowsapi reloader
WARNING:werkzeug: * Debugger is active!
INFO:werkzeug: * Debugger PIN: 197-685-730
INFO:werkzeug: * Running on https://0.0.0.0:5000/ (Press CTRL+C to quit)
ERROR:root:Error occurred: 'NoneType' object has no attribute 'cursor'
Traceback (most recent call last):
  File "E:\xampp1\htdocs\decentralized_voting\app\views.py", line 103, in testdb
    cursor = mysql.connection.cursor()
AttributeError: 'NoneType' object has no attribute 'cursor'
INFO:werkzeug:127.0.0.1 - - [16/Apr/2024 17:50:28] "[37mGET /test_db HTTP/1.1[0m" 200 -
INFO:werkzeug: * Detected change in 'E:\\python\\Lib\\site-packages\\MySQLdb\\__init__.py', reloading
INFO:werkzeug: * Restarting with windowsapi reloader
WARNING:werkzeug: * Debugger is active!
INFO:werkzeug: * Debugger PIN: 197-685-730
INFO:werkzeug: * Detected change in 'E:\\python\\Lib\\site-packages\\MySQLdb\\_exceptions.py', reloading
INFO:werkzeug: * Running on https://0.0.0.0:5000/ (Press CTRL+C to quit)
INFO:werkzeug: * Restarting with windowsapi reloader
INFO:werkzeug: * Restarting with windowsapi reloader
WARNING:werkzeug: * Debugger is active!
INFO:werkzeug: * Debugger PIN: 197-685-730
INFO:werkzeug: * Running on https://0.0.0.0:5000/ (Press CTRL+C to quit)
ERROR:root:Error occurred: 'NoneType' object has no attribute 'cursor'
Traceback (most recent call last):
  File "E:\xampp1\htdocs\decentralized_voting\app\views.py", line 103, in testdb
    cursor = mysql.connection.cursor(MySQLdb.cursors.DictCursor)
AttributeError: 'NoneType' object has no attribute 'cursor'
INFO:werkzeug:127.0.0.1 - - [16/Apr/2024 17:57:10] "[37mGET /test_db HTTP/1.1[0m" 200 -
INFO:werkzeug: * Restarting with windowsapi reloader
WARNING:werkzeug: * Debugger is active!
INFO:werkzeug: * Debugger PIN: 197-685-730
INFO:werkzeug: * Running on https://0.0.0.0:5000/ (Press CTRL+C to quit)
ERROR:root:Error occurred: 'NoneType' object has no attribute 'cursor'
Traceback (most recent call last):
  File "E:\xampp1\htdocs\decentralized_voting\app\views.py", line 103, in testdb
    cursor = mysql.connection.cursor(MySQLdb.cursors.DictCursor)
AttributeError: 'NoneType' object has no attribute 'cursor'
INFO:werkzeug:127.0.0.1 - - [16/Apr/2024 17:58:28] "[37mGET /test_db HTTP/1.1[0m" 200 -
INFO:werkzeug: * Detected change in 'E:\\python\\Lib\\site-packages\\pip\\__pycache__\\__init__.cpython-39.pyc', reloading
INFO:werkzeug: * Detected change in 'E:\\python\\Lib\\site-packages\\pip\\_internal\\__pycache__\\__init__.cpython-39.pyc', reloading
INFO:werkzeug: * Detected change in 'E:\\python\\Lib\\site-packages\\pip\\_internal\\utils\\__pycache__\\__init__.cpython-39.pyc', reloading
INFO:werkzeug: * Detected change in 'E:\\python\\Lib\\site-packages\\pip\\_internal\\utils\\__pycache__\\inject_securetransport.cpython-39.pyc', reloading
INFO:werkzeug: * Detected change in 'E:\\python\\Lib\\site-packages\\pip\\_internal\\utils\\__pycache__\\_log.cpython-39.pyc', reloading
INFO:werkzeug: * Detected change in 'E:\\python\\Lib\\site-packages\\pip\\_internal\\cli\\__pycache__\\__init__.cpython-39.pyc', reloading
INFO:werkzeug: * Detected change in 'E:\\python\\Lib\\site-packages\\pip\\_internal\\cli\\__pycache__\\main.cpython-39.pyc', reloading
INFO:werkzeug: * Detected change in 'E:\\python\\Lib\\site-packages\\pip\\_internal\\cli\\__pycache__\\autocompletion.cpython-39.pyc', reloading
INFO:werkzeug: * Detected change in 'E:\\python\\Lib\\__pycache__\\optparse.cpython-39.pyc', reloading
INFO:werkzeug: * Detected change in 'E:\\python\\Lib\\__pycache__\\textwrap.cpython-39.pyc', reloading
INFO:werkzeug: * Detected change in 'E:\\python\\Lib\\__pycache__\\gettext.cpython-39.pyc', reloading
INFO:werkzeug: * Detected change in 'E:\\python\\Lib\\site-packages\\pip\\_internal\\cli\\__pycache__\\main_parser.cpython-39.pyc', reloading
INFO:werkzeug: * Detected change in 'E:\\python\\Lib\\site-packages\\pip\\_internal\\__pycache__\\build_env.cpython-39.pyc', reloading
INFO:werkzeug: * Restarting with windowsapi reloader
WARNING:werkzeug: * Debugger is active!
INFO:werkzeug: * Debugger PIN: 197-685-730
INFO:werkzeug: * Detected change in 'E:\\python\\Lib\\site-packages\\pip\\_vendor\\rich\\__pycache__\\box.cpython-39.pyc', reloading
INFO:werkzeug: * Detected change in 'E:\\python\\Lib\\site-packages\\pip\\_vendor\\rich\\__pycache__\\padding.cpython-39.pyc', reloading
INFO:werkzeug: * Detected change in 'E:\\python\\Lib\\site-packages\\pip\\_vendor\\rich\\__pycache__\\table.cpython-39.pyc', reloading
INFO:werkzeug: * Detected change in 'E:\\python\\Lib\\site-packages\\pip\\_vendor\\rich\\__pycache__\\_ratio.cpython-39.pyc', reloading
INFO:werkzeug: * Detected change in 'E:\\python\\Lib\\__pycache__\\fractions.cpython-39.pyc', reloading
INFO:werkzeug: * Detected change in 'E:\\python\\Lib\\site-packages\\pip\\_vendor\\rich\\__pycache__\\screen.cpython-39.pyc', reloading
INFO:werkzeug: * Detected change in 'E:\\python\\Lib\\site-packages\\pip\\_vendor\\rich\\__pycache__\\styled.cpython-39.pyc', reloading
INFO:werkzeug: * Detected change in 'E:\\python\\Lib\\site-packages\\pip\\_vendor\\rich\\__pycache__\\logging.cpython-39.pyc', reloading
INFO:werkzeug: * Detected change in 'E:\\python\\Lib\\site-packages\\pip\\_vendor\\rich\\__pycache__\\traceback.cpython-39.pyc', reloading
INFO:werkzeug: * Detected change in 'E:\\python\\Lib\\site-packages\\pip\\_vendor\\pygments\\__pycache__\\__init__.cpython-39.pyc', reloading
INFO:werkzeug: * Detected change in 'E:\\python\\Lib\\site-packages\\pip\\_vendor\\pygments\\lexers\\__pycache__\\__init__.cpython-39.pyc', reloading
INFO:werkzeug: * Detected change in 'E:\\python\\Lib\\site-packages\\pip\\_vendor\\pygments\\lexers\\__pycache__\\_mapping.cpython-39.pyc', reloading
INFO:werkzeug: * Detected change in 'E:\\python\\Lib\\site-packages\\pip\\_vendor\\pygments\\__pycache__\\modeline.cpython-39.pyc', reloading
INFO:werkzeug: * Detected change in 'E:\\python\\Lib\\site-packages\\pip\\_vendor\\pygments\\__pycache__\\plugin.cpython-39.pyc', reloading
INFO:werkzeug: * Detected change in 'E:\\python\\Lib\\site-packages\\pip\\_vendor\\pygments\\__pycache__\\util.cpython-39.pyc', reloading
INFO:werkzeug: * Detected change in 'E:\\python\\Lib\\site-packages\\pip\\_vendor\\pygments\\__pycache__\\token.cpython-39.pyc', reloading
INFO:werkzeug: * Detected change in 'E:\\python\\Lib\\site-packages\\pip\\_vendor\\rich\\__pycache__\\columns.cpython-39.pyc', reloading
INFO:werkzeug: * Detected change in 'E:\\python\\Lib\\site-packages\\pip\\_vendor\\rich\\__pycache__\\syntax.cpython-39.pyc', reloading
INFO:werkzeug: * Detected change in 'E:\\python\\Lib\\site-packages\\pip\\_vendor\\pygments\\__pycache__\\lexer.cpython-39.pyc', reloading
INFO:werkzeug: * Detected change in 'E:\\python\\Lib\\site-packages\\pip\\_vendor\\pygments\\__pycache__\\filter.cpython-39.pyc', reloading
INFO:werkzeug: * Detected change in 'E:\\python\\Lib\\site-packages\\pip\\_vendor\\pygments\\filters\\__pycache__\\__init__.cpython-39.pyc', reloading
INFO:werkzeug: * Detected change in 'E:\\python\\Lib\\site-packages\\pip\\_vendor\\pygments\\__pycache__\\regexopt.cpython-39.pyc', reloading
INFO:werkzeug: * Detected change in 'E:\\python\\Lib\\site-packages\\pip\\_vendor\\pygments\\__pycache__\\style.cpython-39.pyc', reloading
INFO:werkzeug: * Detected change in 'E:\\python\\Lib\\site-packages\\pip\\_vendor\\pygments\\styles\\__pycache__\\__init__.cpython-39.pyc', reloading
INFO:werkzeug: * Detected change in 'E:\\python\\Lib\\site-packages\\pip\\_internal\\utils\\__pycache__\\deprecation.cpython-39.pyc', reloading
INFO:werkzeug: * Detected change in 'E:\\python\\Lib\\site-packages\\pip\\_internal\\utils\\__pycache__\\misc.cpython-39.pyc', reloading
INFO:werkzeug: * Detected change in 'E:\\python\\Lib\\site-packages\\pip\\_vendor\\pyproject_hooks\\__pycache__\\__init__.cpython-39.pyc', reloading
INFO:werkzeug: * Detected change in 'E:\\python\\Lib\\site-packages\\pip\\_vendor\\pyproject_hooks\\__pycache__\\_impl.cpython-39.pyc', reloading
INFO:werkzeug: * Detected change in 'E:\\python\\Lib\\site-packages\\pip\\_vendor\\pyproject_hooks\\_in_process\\__pycache__\\__init__.cpython-39.pyc', reloading
INFO:werkzeug: * Detected change in 'E:\\python\\Lib\\site-packages\\pip\\_vendor\\tenacity\\__pycache__\\__init__.cpython-39.pyc', reloading
INFO:werkzeug: * Detected change in 'E:\\python\\Lib\\site-packages\\pip\\_vendor\\tenacity\\__pycache__\\retry.cpython-39.pyc', reloading
INFO:werkzeug: * Detected change in 'E:\\python\\Lib\\site-packages\\pip\\_vendor\\tenacity\\__pycache__\\nap.cpython-39.pyc', reloading
INFO:werkzeug: * Detected change in 'E:\\python\\Lib\\site-packages\\pip\\_vendor\\tenacity\\__pycache__\\stop.cpython-39.pyc', reloading
INFO:werkzeug: * Detected change in 'E:\\python\\Lib\\site-packages\\pip\\_vendor\\tenacity\\__pycache__\\wait.cpython-39.pyc', reloading
INFO:werkzeug: * Detected change in 'E:\\python\\Lib\\site-packages\\pip\\_vendor\\tenacity\\__pycache__\\_utils.cpython-39.pyc', reloading
INFO:werkzeug: * Detected change in 'E:\\python\\Lib\\site-packages\\pip\\_vendor\\tenacity\\__pycache__\\before.cpython-39.pyc', reloading
INFO:werkzeug: * Detected change in 'E:\\python\\Lib\\site-packages\\pip\\_vendor\\tenacity\\__pycache__\\after.cpython-39.pyc', reloading
INFO:werkzeug: * Detected change in 'E:\\python\\Lib\\site-packages\\pip\\_vendor\\tenacity\\__pycache__\\before_sleep.cpython-39.pyc', reloading
INFO:werkzeug: * Detected change in 'E:\\python\\Lib\\site-packages\\pip\\_vendor\\tenacity\\__pycache__\\_asyncio.cpython-39.pyc', reloading
INFO:werkzeug: * Detected change in 'E:\\python\\Lib\\site-packages\\pip\\_internal\\__pycache__\\exceptions.cpython-39.pyc', reloading
INFO:werkzeug: * Detected change in 'E:\\python\\Lib\\site-packages\\pip\\_vendor\\requests\\__pycache__\\__init__.cpython-39.pyc', reloading
INFO:werkzeug: * Detected change in 'E:\\python\\Lib\\site-packages\\pip\\_vendor\\urllib3\\__pycache__\\__init__.cpython-39.pyc', reloading
INFO:werkzeug: * Detected change in 'E:\\python\\Lib\\site-packages\\pip\\_vendor\\urllib3\\__pycache__\\exceptions.cpython-39.pyc', reloading
INFO:werkzeug: * Detected change in 'E:\\python\\Lib\\site-packages\\pip\\_vendor\\urllib3\\packages\\__pycache__\\__init__.cpython-39.pyc', reloading
INFO:werkzeug: * Detected change in 'E:\\python\\Lib\\site-packages\\pip\\_vendor\\urllib3\\packages\\__pycache__\\six.cpython-39.pyc', reloading
INFO:werkzeug: * Detected change in 'E:\\python\\Lib\\site-packages\\pip\\_vendor\\urllib3\\__pycache__\\_version.cpython-39.pyc', reloading
INFO:werkzeug: * Detected change in 'E:\\python\\Lib\\site-packages\\pip\\_vendor\\urllib3\\__pycache__\\connectionpool.cpython-39.pyc', reloading
INFO:werkzeug: * Detected change in 'E:\\python\\Lib\\site-packages\\pip\\_vendor\\urllib3\\__pycache__\\connection.cpython-39.pyc', reloading
INFO:werkzeug: * Detected change in 'E:\\python\\Lib\\site-packages\\pip\\_vendor\\urllib3\\util\\__pycache__\\__init__.cpython-39.pyc', reloading
INFO:werkzeug: * Detected change in 'E:\\python\\Lib\\site-packages\\pip\\_vendor\\urllib3\\util\\__pycache__\\connection.cpython-39.pyc', reloading
INFO:werkzeug: * Detected change in 'E:\\python\\Lib\\site-packages\\pip\\_vendor\\urllib3\\contrib\\__pycache__\\__init__.cpython-39.pyc', reloading
INFO:werkzeug: * Detected change in 'E:\\python\\Lib\\site-packages\\pip\\_vendor\\urllib3\\contrib\\__pycache__\\_appengine_environ.cpython-39.pyc', reloading
INFO:werkzeug: * Detected change in 'E:\\python\\Lib\\site-packages\\pip\\_vendor\\urllib3\\util\\__pycache__\\wait.cpython-39.pyc', reloading
INFO:werkzeug: * Detected change in 'E:\\python\\Lib\\site-packages\\pip\\_vendor\\urllib3\\util\\__pycache__\\request.cpython-39.pyc', reloading
INFO:werkzeug: * Detected change in 'E:\\python\\Lib\\site-packages\\pip\\_vendor\\urllib3\\util\\__pycache__\\response.cpython-39.pyc', reloading
INFO:werkzeug: * Detected change in 'E:\\python\\Lib\\site-packages\\pip\\_vendor\\urllib3\\util\\__pycache__\\retry.cpython-39.pyc', reloading
INFO:werkzeug: * Detected change in 'E:\\python\\Lib\\site-packages\\pip\\_vendor\\urllib3\\util\\__pycache__\\ssl_.cpython-39.pyc', reloading
INFO:werkzeug: * Detected change in 'E:\\python\\Lib\\site-packages\\pip\\_vendor\\urllib3\\util\\__pycache__\\url.cpython-39.pyc', reloading
INFO:werkzeug: * Detected change in 'E:\\python\\Lib\\site-packages\\pip\\_vendor\\urllib3\\util\\__pycache__\\ssltransport.cpython-39.pyc', reloading
INFO:werkzeug: * Detected change in 'E:\\python\\Lib\\site-packages\\pip\\_vendor\\urllib3\\util\\__pycache__\\timeout.cpython-39.pyc', reloading
INFO:werkzeug: * Detected change in 'E:\\python\\Lib\\site-packages\\pip\\_vendor\\urllib3\\util\\__pycache__\\proxy.cpython-39.pyc', reloading
INFO:werkzeug: * Detected change in 'E:\\python\\Lib\\site-packages\\pip\\_vendor\\urllib3\\__pycache__\\_collections.cpython-39.pyc', reloading
INFO:werkzeug: * Detected change in 'E:\\python\\Lib\\site-packages\\pip\\_vendor\\urllib3\\util\\__pycache__\\ssl_match_hostname.cpython-39.pyc', reloading
INFO:werkzeug: * Detected change in 'E:\\python\\Lib\\site-packages\\pip\\_vendor\\urllib3\\__pycache__\\request.cpython-39.pyc', reloading
INFO:werkzeug: * Detected change in 'E:\\python\\Lib\\site-packages\\pip\\_vendor\\urllib3\\__pycache__\\filepost.cpython-39.pyc', reloading
INFO:werkzeug: * Detected change in 'E:\\python\\Lib\\site-packages\\pip\\_vendor\\urllib3\\__pycache__\\fields.cpython-39.pyc', reloading
INFO:werkzeug: * Detected change in 'E:\\python\\Lib\\site-packages\\pip\\_vendor\\urllib3\\__pycache__\\response.cpython-39.pyc', reloading
INFO:werkzeug: * Detected change in 'E:\\python\\Lib\\site-packages\\pip\\_vendor\\urllib3\\util\\__pycache__\\queue.cpython-39.pyc', reloading
INFO:werkzeug: * Detected change in 'E:\\python\\Lib\\site-packages\\pip\\_vendor\\urllib3\\__pycache__\\poolmanager.cpython-39.pyc', reloading
INFO:werkzeug: * Detected change in 'E:\\python\\Lib\\site-packages\\pip\\_vendor\\requests\\__pycache__\\exceptions.cpython-39.pyc', reloading
INFO:werkzeug: * Detected change in 'E:\\python\\Lib\\site-packages\\pip\\_vendor\\requests\\__pycache__\\compat.cpython-39.pyc', reloading
INFO:werkzeug: * Detected change in 'E:\\python\\Lib\\site-packages\\pip\\_vendor\\chardet\\__pycache__\\__init__.cpython-39.pyc', reloading
INFO:werkzeug: * Detected change in 'E:\\python\\Lib\\site-packages\\pip\\_vendor\\chardet\\__pycache__\\charsetgroupprober.cpython-39.pyc', reloading
INFO:werkzeug: * Detected change in 'E:\\python\\Lib\\site-packages\\pip\\_vendor\\chardet\\__pycache__\\charsetprober.cpython-39.pyc', reloading
INFO:werkzeug: * Detected change in 'E:\\python\\Lib\\site-packages\\pip\\_vendor\\chardet\\__pycache__\\enums.cpython-39.pyc', reloading
INFO:werkzeug: * Detected change in 'E:\\python\\Lib\\site-packages\\pip\\_vendor\\chardet\\__pycache__\\resultdict.cpython-39.pyc', reloading
INFO:werkzeug: * Detected change in 'E:\\python\\Lib\\site-packages\\pip\\_vendor\\chardet\\__pycache__\\universaldetector.cpython-39.pyc', reloading
INFO:werkzeug: * Detected change in 'E:\\python\\Lib\\site-packages\\pip\\_vendor\\chardet\\__pycache__\\escprober.cpython-39.pyc', reloading
INFO:werkzeug: * Detected change in 'E:\\python\\Lib\\site-packages\\pip\\_vendor\\chardet\\__pycache__\\codingstatemachine.cpython-39.pyc', reloading
INFO:werkzeug: * Detected change in 'E:\\python\\Lib\\site-packages\\pip\\_vendor\\chardet\\__pycache__\\codingstatemachinedict.cpython-39.pyc', reloading
INFO:werkzeug: * Detected change in 'E:\\python\\Lib\\site-packages\\pip\\_vendor\\chardet\\__pycache__\\escsm.cpython-39.pyc', reloading
INFO:werkzeug: * Detected change in 'E:\\python\\Lib\\site-packages\\pip\\_vendor\\chardet\\__pycache__\\latin1prober.cpython-39.pyc', reloading
INFO:werkzeug: * Detected change in 'E:\\python\\Lib\\site-packages\\pip\\_vendor\\chardet\\__pycache__\\macromanprober.cpython-39.pyc', reloading
INFO:werkzeug: * Detected change in 'E:\\python\\Lib\\site-packages\\pip\\_vendor\\chardet\\__pycache__\\mbcsgroupprober.cpython-39.pyc', reloading
INFO:werkzeug: * Detected change in 'E:\\python\\Lib\\site-packages\\pip\\_vendor\\chardet\\__pycache__\\big5prober.cpython-39.pyc', reloading
INFO:werkzeug: * Detected change in 'E:\\python\\Lib\\site-packages\\pip\\_vendor\\chardet\\__pycache__\\chardistribution.cpython-39.pyc', reloading
INFO:werkzeug: * Detected change in 'E:\\python\\Lib\\site-packages\\pip\\_vendor\\chardet\\__pycache__\\big5freq.cpython-39.pyc', reloading
INFO:werkzeug: * Detected change in 'E:\\python\\Lib\\site-packages\\pip\\_vendor\\chardet\\__pycache__\\euckrfreq.cpython-39.pyc', reloading
INFO:werkzeug: * Detected change in 'E:\\python\\Lib\\site-packages\\pip\\_vendor\\chardet\\__pycache__\\euctwfreq.cpython-39.pyc', reloading
INFO:werkzeug: * Detected change in 'E:\\python\\Lib\\site-packages\\pip\\_vendor\\chardet\\__pycache__\\gb2312freq.cpython-39.pyc', reloading
INFO:werkzeug: * Detected change in 'E:\\python\\Lib\\site-packages\\pip\\_vendor\\chardet\\__pycache__\\jisfreq.cpython-39.pyc', reloading
INFO:werkzeug: * Detected change in 'E:\\python\\Lib\\site-packages\\pip\\_vendor\\chardet\\__pycache__\\johabfreq.cpython-39.pyc', reloading
INFO:werkzeug: * Detected change in 'E:\\python\\Lib\\site-packages\\pip\\_vendor\\chardet\\__pycache__\\mbcharsetprober.cpython-39.pyc', reloading
INFO:werkzeug: * Detected change in 'E:\\python\\Lib\\site-packages\\pip\\_vendor\\chardet\\__pycache__\\mbcssm.cpython-39.pyc', reloading
INFO:werkzeug: * Detected change in 'E:\\python\\Lib\\site-packages\\pip\\_vendor\\chardet\\__pycache__\\cp949prober.cpython-39.pyc', reloading
INFO:werkzeug: * Detected change in 'E:\\python\\Lib\\site-packages\\pip\\_vendor\\chardet\\__pycache__\\eucjpprober.cpython-39.pyc', reloading
INFO:werkzeug: * Detected change in 'E:\\python\\Lib\\site-packages\\pip\\_vendor\\chardet\\__pycache__\\jpcntx.cpython-39.pyc', reloading
INFO:werkzeug: * Detected change in 'E:\\python\\Lib\\site-packages\\pip\\_vendor\\chardet\\__pycache__\\euckrprober.cpython-39.pyc', reloading
INFO:werkzeug: * Detected change in 'E:\\python\\Lib\\site-packages\\pip\\_vendor\\chardet\\__pycache__\\euctwprober.cpython-39.pyc', reloading
INFO:werkzeug: * Detected change in 'E:\\python\\Lib\\site-packages\\pip\\_vendor\\chardet\\__pycache__\\gb2312prober.cpython-39.pyc', reloading
INFO:werkzeug: * Detected change in 'E:\\python\\Lib\\site-packages\\pip\\_vendor\\chardet\\__pycache__\\johabprober.cpython-39.pyc', reloading
INFO:werkzeug: * Detected change in 'E:\\python\\Lib\\site-packages\\pip\\_vendor\\chardet\\__pycache__\\sjisprober.cpython-39.pyc', reloading
INFO:werkzeug: * Detected change in 'E:\\python\\Lib\\site-packages\\pip\\_vendor\\chardet\\__pycache__\\utf8prober.cpython-39.pyc', reloading
INFO:werkzeug: * Detected change in 'E:\\python\\Lib\\site-packages\\pip\\_vendor\\chardet\\__pycache__\\sbcsgroupprober.cpython-39.pyc', reloading
INFO:werkzeug: * Detected change in 'E:\\python\\Lib\\site-packages\\pip\\_vendor\\chardet\\__pycache__\\hebrewprober.cpython-39.pyc', reloading
INFO:werkzeug: * Detected change in 'E:\\python\\Lib\\site-packages\\pip\\_vendor\\chardet\\__pycache__\\sbcharsetprober.cpython-39.pyc', reloading
INFO:werkzeug: * Detected change in 'E:\\python\\Lib\\site-packages\\pip\\_vendor\\chardet\\__pycache__\\langbulgarianmodel.cpython-39.pyc', reloading
INFO:werkzeug: * Detected change in 'E:\\python\\Lib\\site-packages\\pip\\_vendor\\chardet\\__pycache__\\langgreekmodel.cpython-39.pyc', reloading
INFO:werkzeug: * Detected change in 'E:\\python\\Lib\\site-packages\\pip\\_vendor\\chardet\\__pycache__\\langhebrewmodel.cpython-39.pyc', reloading
INFO:werkzeug: * Detected change in 'E:\\python\\Lib\\site-packages\\pip\\_vendor\\chardet\\__pycache__\\langrussianmodel.cpython-39.pyc', reloading
INFO:werkzeug: * Detected change in 'E:\\python\\Lib\\site-packages\\pip\\_vendor\\chardet\\__pycache__\\langthaimodel.cpython-39.pyc', reloading
INFO:werkzeug: * Detected change in 'E:\\python\\Lib\\site-packages\\pip\\_vendor\\chardet\\__pycache__\\langturkishmodel.cpython-39.pyc', reloading
INFO:werkzeug: * Detected change in 'E:\\python\\Lib\\site-packages\\pip\\_vendor\\chardet\\__pycache__\\utf1632prober.cpython-39.pyc', reloading
INFO:werkzeug: * Detected change in 'E:\\python\\Lib\\site-packages\\pip\\_vendor\\chardet\\__pycache__\\version.cpython-39.pyc', reloading
INFO:werkzeug: * Detected change in 'E:\\python\\Lib\\site-packages\\pip\\_vendor\\requests\\__pycache__\\packages.cpython-39.pyc', reloading
INFO:werkzeug: * Detected change in 'E:\\python\\Lib\\site-packages\\pip\\_vendor\\idna\\__pycache__\\__init__.cpython-39.pyc', reloading
INFO:werkzeug: * Detected change in 'E:\\python\\Lib\\site-packages\\pip\\_vendor\\idna\\__pycache__\\package_data.cpython-39.pyc', reloading
INFO:werkzeug: * Detected change in 'E:\\python\\Lib\\site-packages\\pip\\_vendor\\idna\\__pycache__\\core.cpython-39.pyc', reloading
INFO:werkzeug: * Detected change in 'E:\\python\\Lib\\site-packages\\pip\\_vendor\\idna\\__pycache__\\idnadata.cpython-39.pyc', reloading
INFO:werkzeug: * Detected change in 'E:\\python\\Lib\\site-packages\\pip\\_vendor\\idna\\__pycache__\\intranges.cpython-39.pyc', reloading
INFO:werkzeug: * Detected change in 'E:\\python\\Lib\\site-packages\\pip\\_vendor\\requests\\__pycache__\\utils.cpython-39.pyc', reloading
INFO:werkzeug: * Detected change in 'E:\\python\\Lib\\site-packages\\pip\\_vendor\\requests\\__pycache__\\certs.cpython-39.pyc', reloading
INFO:werkzeug: * Detected change in 'E:\\python\\Lib\\site-packages\\pip\\_vendor\\requests\\__pycache__\\__version__.cpython-39.pyc', reloading
INFO:werkzeug: * Detected change in 'E:\\python\\Lib\\site-packages\\pip\\_vendor\\requests\\__pycache__\\_internal_utils.cpython-39.pyc', reloading
INFO:werkzeug: * Detected change in 'E:\\python\\Lib\\site-packages\\pip\\_vendor\\requests\\__pycache__\\cookies.cpython-39.pyc', reloading
INFO:werkzeug: * Detected change in 'E:\\python\\Lib\\site-packages\\pip\\_vendor\\requests\\__pycache__\\structures.cpython-39.pyc', reloading
INFO:werkzeug: * Detected change in 'E:\\python\\Lib\\site-packages\\pip\\_vendor\\requests\\__pycache__\\api.cpython-39.pyc', reloading
INFO:werkzeug: * Detected change in 'E:\\python\\Lib\\site-packages\\pip\\_vendor\\requests\\__pycache__\\sessions.cpython-39.pyc', reloading
INFO:werkzeug: * Detected change in 'E:\\python\\Lib\\site-packages\\pip\\_vendor\\requests\\__pycache__\\adapters.cpython-39.pyc', reloading
INFO:werkzeug: * Detected change in 'E:\\python\\Lib\\site-packages\\pip\\_vendor\\requests\\__pycache__\\auth.cpython-39.pyc', reloading
INFO:werkzeug: * Detected change in 'E:\\python\\Lib\\site-packages\\pip\\_vendor\\requests\\__pycache__\\models.cpython-39.pyc', reloading
INFO:werkzeug: * Detected change in 'E:\\python\\Lib\\site-packages\\pip\\_vendor\\requests\\__pycache__\\hooks.cpython-39.pyc', reloading
INFO:werkzeug: * Detected change in 'E:\\python\\Lib\\site-packages\\pip\\_vendor\\requests\\__pycache__\\status_codes.cpython-39.pyc', reloading
INFO:werkzeug: * Detected change in 'E:\\python\\Lib\\site-packages\\pip\\_vendor\\urllib3\\contrib\\__pycache__\\socks.cpython-39.pyc', reloading
INFO:werkzeug: * Detected change in 'E:\\python\\Lib\\site-packages\\pip\\_internal\\locations\\__pycache__\\__init__.cpython-39.pyc', reloading
INFO:werkzeug: * Detected change in 'E:\\python\\Lib\\site-packages\\pip\\_internal\\models\\__pycache__\\__init__.cpython-39.pyc', reloading
INFO:werkzeug: * Detected change in 'E:\\python\\Lib\\site-packages\\pip\\_internal\\models\\__pycache__\\scheme.cpython-39.pyc', reloading
INFO:werkzeug: * Detected change in 'E:\\python\\Lib\\site-packages\\pip\\_internal\\utils\\__pycache__\\virtualenv.cpython-39.pyc', reloading
INFO:werkzeug: * Detected change in 'E:\\python\\Lib\\site-packages\\pip\\_internal\\locations\\__pycache__\\_sysconfig.cpython-39.pyc', reloading
INFO:werkzeug: * Detected change in 'E:\\python\\Lib\\site-packages\\pip\\_internal\\locations\\__pycache__\\base.cpython-39.pyc', reloading
INFO:werkzeug: * Detected change in 'E:\\python\\Lib\\site-packages\\pip\\_internal\\utils\\__pycache__\\appdirs.cpython-39.pyc', reloading
INFO:werkzeug: * Detected change in 'E:\\python\\Lib\\site-packages\\pip\\_vendor\\platformdirs\\__pycache__\\__init__.cpython-39.pyc', reloading
INFO:werkzeug: * Detected change in 'E:\\python\\Lib\\site-packages\\pip\\_vendor\\platformdirs\\__pycache__\\api.cpython-39.pyc', reloading
INFO:werkzeug: * Detected change in 'E:\\python\\Lib\\site-packages\\pip\\_vendor\\platformdirs\\__pycache__\\version.cpython-39.pyc', reloading
INFO:werkzeug: * Detected change in 'E:\\python\\Lib\\site-packages\\pip\\_vendor\\platformdirs\\__pycache__\\windows.cpython-39.pyc', reloading
INFO:werkzeug: * Detected change in 'E:\\python\\Lib\\site-packages\\pip\\_internal\\locations\\__pycache__\\_distutils.cpython-39.pyc', reloading
INFO:werkzeug: * Detected change in 'E:\\python\\Lib\\distutils\\__pycache__\\__init__.cpython-39.pyc', reloading
INFO:werkzeug: * Detected change in 'E:\\python\\Lib\\distutils\\__pycache__\\cmd.cpython-39.pyc', reloading
INFO:werkzeug: * Detected change in 'E:\\python\\Lib\\distutils\\__pycache__\\errors.cpython-39.pyc', reloading
INFO:werkzeug: * Detected change in 'E:\\python\\Lib\\distutils\\__pycache__\\util.cpython-39.pyc', reloading
INFO:werkzeug: * Detected change in 'E:\\python\\Lib\\distutils\\__pycache__\\dep_util.cpython-39.pyc', reloading
INFO:werkzeug: * Detected change in 'E:\\python\\Lib\\distutils\\__pycache__\\spawn.cpython-39.pyc', reloading
INFO:werkzeug: * Detected change in 'E:\\python\\Lib\\distutils\\__pycache__\\debug.cpython-39.pyc', reloading
INFO:werkzeug: * Detected change in 'E:\\python\\Lib\\distutils\\__pycache__\\log.cpython-39.pyc', reloading
INFO:werkzeug: * Detected change in 'E:\\python\\Lib\\distutils\\__pycache__\\dir_util.cpython-39.pyc', reloading
INFO:werkzeug: * Detected change in 'E:\\python\\Lib\\distutils\\__pycache__\\file_util.cpython-39.pyc', reloading
INFO:werkzeug: * Detected change in 'E:\\python\\Lib\\distutils\\__pycache__\\archive_util.cpython-39.pyc', reloading
INFO:werkzeug: * Detected change in 'E:\\python\\Lib\\distutils\\command\\__pycache__\\__init__.cpython-39.pyc', reloading
INFO:werkzeug: * Running on https://0.0.0.0:5000/ (Press CTRL+C to quit)
INFO:werkzeug: * Detected change in 'E:\\python\\Lib\\distutils\\command\\__pycache__\\install.cpython-39.pyc', reloading
INFO:werkzeug: * Detected change in 'E:\\python\\Lib\\distutils\\__pycache__\\core.cpython-39.pyc', reloading
INFO:werkzeug: * Detected change in 'E:\\python\\Lib\\distutils\\__pycache__\\dist.cpython-39.pyc', reloading
INFO:werkzeug: * Detected change in 'E:\\python\\Lib\\distutils\\__pycache__\\fancy_getopt.cpython-39.pyc', reloading
INFO:werkzeug: * Detected change in 'E:\\python\\Lib\\__pycache__\\getopt.cpython-39.pyc', reloading
INFO:werkzeug: * Detected change in 'E:\\python\\Lib\\distutils\\__pycache__\\config.cpython-39.pyc', reloading
INFO:werkzeug: * Detected change in 'E:\\python\\Lib\\distutils\\__pycache__\\extension.cpython-39.pyc', reloading
INFO:werkzeug: * Detected change in 'E:\\python\\Lib\\distutils\\__pycache__\\sysconfig.cpython-39.pyc', reloading
INFO:werkzeug: * Detected change in 'E:\\python\\Lib\\site-packages\\pip\\_internal\\metadata\\__pycache__\\__init__.cpython-39.pyc', reloading
INFO:werkzeug: * Detected change in 'E:\\python\\Lib\\site-packages\\pip\\_internal\\metadata\\__pycache__\\base.cpython-39.pyc', reloading
INFO:werkzeug: * Detected change in 'E:\\python\\Lib\\site-packages\\pip\\_internal\\models\\__pycache__\\direct_url.cpython-39.pyc', reloading
INFO:werkzeug: * Detected change in 'E:\\python\\Lib\\site-packages\\pip\\_internal\\utils\\__pycache__\\egg_link.cpython-39.pyc', reloading
INFO:werkzeug: * Detected change in 'E:\\python\\Lib\\site-packages\\pip\\_internal\\utils\\__pycache__\\packaging.cpython-39.pyc', reloading
INFO:werkzeug: * Detected change in 'E:\\python\\Lib\\site-packages\\pip\\_internal\\utils\\__pycache__\\urls.cpython-39.pyc', reloading
INFO:werkzeug: * Detected change in 'E:\\python\\Lib\\site-packages\\pip\\_internal\\metadata\\__pycache__\\_json.cpython-39.pyc', reloading
INFO:werkzeug: * Detected change in 'E:\\python\\Lib\\site-packages\\pip\\_internal\\utils\\__pycache__\\subprocess.cpython-39.pyc', reloading
INFO:werkzeug: * Detected change in 'E:\\python\\Lib\\__pycache__\\shlex.cpython-39.pyc', reloading
INFO:werkzeug: * Detected change in 'E:\\python\\Lib\\site-packages\\pip\\_internal\\utils\\__pycache__\\temp_dir.cpython-39.pyc', reloading
INFO:werkzeug: * Detected change in 'E:\\python\\Lib\\site-packages\\pip\\_internal\\cli\\__pycache__\\cmdoptions.cpython-39.pyc', reloading
INFO:werkzeug: * Detected change in 'E:\\python\\Lib\\site-packages\\pip\\_internal\\cli\\__pycache__\\parser.cpython-39.pyc', reloading
INFO:werkzeug: * Detected change in 'E:\\python\\Lib\\site-packages\\pip\\_internal\\cli\\__pycache__\\status_codes.cpython-39.pyc', reloading
INFO:werkzeug: * Detected change in 'E:\\python\\Lib\\site-packages\\pip\\_internal\\__pycache__\\configuration.cpython-39.pyc', reloading
INFO:werkzeug: * Detected change in 'E:\\python\\Lib\\site-packages\\pip\\_internal\\models\\__pycache__\\format_control.cpython-39.pyc', reloading
INFO:werkzeug: * Detected change in 'E:\\python\\Lib\\site-packages\\pip\\_internal\\models\\__pycache__\\index.cpython-39.pyc', reloading
INFO:werkzeug: * Detected change in 'E:\\python\\Lib\\site-packages\\pip\\_internal\\models\\__pycache__\\target_python.cpython-39.pyc', reloading
INFO:werkzeug: * Detected change in 'E:\\python\\Lib\\site-packages\\pip\\_internal\\utils\\__pycache__\\compatibility_tags.cpython-39.pyc', reloading
INFO:werkzeug: * Detected change in 'E:\\python\\Lib\\site-packages\\pip\\_internal\\utils\\__pycache__\\hashes.cpython-39.pyc', reloading
INFO:werkzeug: * Detected change in 'E:\\python\\Lib\\site-packages\\pip\\_internal\\commands\\__pycache__\\__init__.cpython-39.pyc', reloading
INFO:werkzeug: * Detected change in 'E:\\python\\Lib\\site-packages\\pip\\_internal\\cli\\__pycache__\\base_command.cpython-39.pyc', reloading
INFO:werkzeug: * Detected change in 'E:\\python\\Lib\\logging\\__pycache__\\config.cpython-39.pyc', reloading
INFO:werkzeug: * Detected change in 'E:\\python\\Lib\\site-packages\\pip\\_internal\\cli\\__pycache__\\command_context.cpython-39.pyc', reloading
INFO:werkzeug: * Detected change in 'E:\\python\\Lib\\site-packages\\pip\\_internal\\utils\\__pycache__\\filesystem.cpython-39.pyc', reloading
INFO:werkzeug: * Restarting with windowsapi reloader
WARNING:werkzeug: * Debugger is active!
INFO:werkzeug: * Debugger PIN: 197-685-730
INFO:werkzeug: * Running on https://0.0.0.0:5000/ (Press CTRL+C to quit)
INFO:werkzeug: * Detected change in 'E:\\python\\Lib\\__pycache__\\_strptime.cpython-39.pyc', reloading
INFO:werkzeug: * Restarting with windowsapi reloader
WARNING:werkzeug: * Debugger is active!
INFO:werkzeug: * Debugger PIN: 197-685-730
INFO:werkzeug: * Running on https://0.0.0.0:5000/ (Press CTRL+C to quit)
INFO:werkzeug: * Detected change in 'E:\\xampp1\\htdocs\\decentralized_voting\\app\\views.py', reloading
INFO:werkzeug: * Detected change in 'E:\\xampp1\\htdocs\\decentralized_voting\\app\\views.py', reloading
INFO:werkzeug: * Detected change in 'E:\\xampp1\\htdocs\\decentralized_voting\\app\\views.py', reloading
INFO:werkzeug: * Detected change in 'E:\\xampp1\\htdocs\\decentralized_voting\\app\\views.py', reloading
INFO:werkzeug: * Restarting with windowsapi reloader
INFO:werkzeug: * Restarting with windowsapi reloader
WARNING:werkzeug: * Debugger is active!
INFO:werkzeug: * Debugger PIN: 197-685-730
INFO:werkzeug: * Running on https://0.0.0.0:5000/ (Press CTRL+C to quit)
ERROR:root:Error occurred: 'NoneType' object has no attribute 'cursor'
Traceback (most recent call last):
  File "E:\xampp1\htdocs\decentralized_voting\app\views.py", line 103, in testdb
    cursor = mysql.connection.cursor(MySQLdb.cursors.DictCursor)
AttributeError: 'NoneType' object has no attribute 'cursor'
INFO:werkzeug:127.0.0.1 - - [16/Apr/2024 18:14:51] "[37mGET /test_db HTTP/1.1[0m" 200 -
ERROR:root:Error occurred: 'NoneType' object has no attribute 'cursor'
Traceback (most recent call last):
  File "E:\xampp1\htdocs\decentralized_voting\app\views.py", line 103, in testdb
    cursor = mysql.connection.cursor(MySQLdb.cursors.DictCursor)
AttributeError: 'NoneType' object has no attribute 'cursor'
INFO:werkzeug:127.0.0.1 - - [16/Apr/2024 18:15:39] "[37mGET /test_db HTTP/1.1[0m" 200 -
INFO:werkzeug: * Detected change in 'E:\\xampp1\\htdocs\\decentralized_voting\\project\\app.py', reloading
INFO:werkzeug: * Detected change in 'E:\\xampp1\\htdocs\\decentralized_voting\\project\\app.py', reloading
INFO:werkzeug: * Detected change in 'E:\\xampp1\\htdocs\\decentralized_voting\\project\\app.py', reloading
INFO:werkzeug: * Restarting with windowsapi reloader
WARNING:werkzeug: * Debugger is active!
INFO:werkzeug: * Debugger PIN: 197-685-730
INFO:werkzeug: * Running on https://0.0.0.0:5000/ (Press CTRL+C to quit)
INFO:werkzeug: * Detected change in 'E:\\xampp1\\htdocs\\decentralized_voting\\project\\app.py', reloading
INFO:werkzeug: * Detected change in 'E:\\xampp1\\htdocs\\decentralized_voting\\project\\app.py', reloading
INFO:werkzeug: * Detected change in 'E:\\xampp1\\htdocs\\decentralized_voting\\project\\app.py', reloading
INFO:werkzeug: * Detected change in 'E:\\xampp1\\htdocs\\decentralized_voting\\project\\app.py', reloading
INFO:werkzeug: * Restarting with windowsapi reloader
WARNING:werkzeug: * Debugger is active!
INFO:werkzeug: * Debugger PIN: 197-685-730
INFO:werkzeug: * Running on https://0.0.0.0:5000/ (Press CTRL+C to quit)
INFO:werkzeug:[31m[1mWARNING: This is a development server. Do not use it in a production deployment. Use a production WSGI server instead.[0m
 * Running on all addresses (0.0.0.0)
 * Running on https://127.0.0.1:5000
 * Running on https://192.168.29.201:5000
INFO:werkzeug:[33mPress CTRL+C to quit[0m
INFO:werkzeug: * Restarting with stat
WARNING:werkzeug: * Debugger is active!
INFO:werkzeug: * Debugger PIN: 137-601-268
INFO:werkzeug:[31m[1mWARNING: This is a development server. Do not use it in a production deployment. Use a production WSGI server instead.[0m
 * Running on all addresses (0.0.0.0)
 * Running on https://127.0.0.1:5000
 * Running on https://192.168.29.201:5000
INFO:werkzeug:[33mPress CTRL+C to quit[0m
INFO:werkzeug: * Restarting with stat
WARNING:werkzeug: * Debugger is active!
INFO:werkzeug: * Debugger PIN: 137-601-268
INFO:werkzeug:[31m[1mWARNING: This is a development server. Do not use it in a production deployment. Use a production WSGI server instead.[0m
 * Running on all addresses (0.0.0.0)
 * Running on https://127.0.0.1:5000
 * Running on https://192.168.29.201:5000
INFO:werkzeug:[33mPress CTRL+C to quit[0m
INFO:werkzeug: * Restarting with stat
WARNING:werkzeug: * Debugger is active!
INFO:werkzeug: * Debugger PIN: 137-601-268
DEBUG:urllib3.connectionpool:Starting new HTTPS connection (1): 192.168.29.201:8000
INFO:werkzeug:192.168.29.201 - - [16/Apr/2024 20:38:27] "GET / HTTP/1.1" 200 -
INFO:werkzeug:192.168.29.201 - - [16/Apr/2024 20:38:27] "[33mGET /favicon.ico HTTP/1.1[0m" 404 -
INFO:werkzeug:192.168.29.201 - - [16/Apr/2024 21:27:07] "GET /signup HTTP/1.1" 200 -
INFO:werkzeug:192.168.29.201 - - [16/Apr/2024 21:27:07] "GET /static/css/signup.css HTTP/1.1" 200 -
INFO:werkzeug:192.168.29.201 - - [16/Apr/2024 21:27:07] "GET /static/js/signup.js HTTP/1.1" 200 -
INFO:werkzeug:192.168.29.201 - - [16/Apr/2024 21:30:08] "POST /signup HTTP/1.1" 200 -
INFO:werkzeug:192.168.29.201 - - [16/Apr/2024 21:30:08] "GET /static/css/signup.css HTTP/1.1" 200 -
INFO:werkzeug:192.168.29.201 - - [16/Apr/2024 21:30:08] "[36mGET /static/js/signup.js HTTP/1.1[0m" 304 -
